# JRE version: Java(TM) SE Runtime Environment (13.0+33) (build 13+33)
# Java VM: Java HotSpot(TM) 64-Bit Server VM (13+33, mixed mode, sharing, tiered, compressed oops, g1 gc, windows-amd64)
Heap:
 garbage-first heap   total 109568K, used 85712K [0x0000000081600000, 0x0000000100000000)
  region size 1024K, 50 young (51200K), 1 survivors (1024K)
 Metaspace       used 56597K, capacity 60182K, committed 60540K, reserved 1101824K
  class space    used 6470K, capacity 7803K, committed 7936K, reserved 1048576K
GC Heap History (20 events):
Event: 5885.785 GC heap after
{Heap after GC invocations=248 (full 21):
 garbage-first heap   total 105472K, used 33096K [0x0000000081600000, 0x0000000100000000)
  region size 1024K, 2 young (2048K), 2 survivors (2048K)
 Metaspace       used 54506K, capacity 57776K, committed 58108K, reserved 1099776K
  class space    used 6305K, capacity 7523K, committed 7552K, reserved 1048576K
}
Event: 5886.073 GC heap before
{Heap before GC invocations=249 (full 21):
 garbage-first heap   total 105472K, used 75080K [0x0000000081600000, 0x0000000100000000)
  region size 1024K, 43 young (44032K), 2 survivors (2048K)
 Metaspace       used 54615K, capacity 58022K, committed 58236K, reserved 1099776K
  class space    used 6326K, capacity 7541K, committed 7680K, reserved 1048576K
}
Event: 5886.078 GC heap after
{Heap after GC invocations=250 (full 21):
 garbage-first heap   total 105472K, used 34311K [0x0000000081600000, 0x0000000100000000)
  region size 1024K, 4 young (4096K), 4 survivors (4096K)
 Metaspace       used 54615K, capacity 58022K, committed 58236K, reserved 1099776K
  class space    used 6326K, capacity 7541K, committed 7680K, reserved 1048576K
}
Event: 5886.382 GC heap before
{Heap before GC invocations=250 (full 21):
 garbage-first heap   total 105472K, used 76295K [0x0000000081600000, 0x0000000100000000)
  region size 1024K, 45 young (46080K), 4 survivors (4096K)
 Metaspace       used 54905K, capacity 58393K, committed 58492K, reserved 1099776K
  class space    used 6350K, capacity 7643K, committed 7680K, reserved 1048576K
}
Event: 5886.389 GC heap after
{Heap after GC invocations=251 (full 21):
 garbage-first heap   total 105472K, used 37033K [0x0000000081600000, 0x0000000100000000)
  region size 1024K, 6 young (6144K), 6 survivors (6144K)
 Metaspace       used 54905K, capacity 58393K, committed 58492K, reserved 1099776K
  class space    used 6350K, capacity 7643K, committed 7680K, reserved 1048576K
}
Event: 5889.243 GC heap before
{Heap before GC invocations=252 (full 21):
 garbage-first heap   total 105472K, used 77993K [0x0000000081600000, 0x0000000100000000)
  region size 1024K, 47 young (48128K), 6 survivors (6144K)
 Metaspace       used 55677K, capacity 59226K, committed 59388K, reserved 1101824K
  class space    used 6399K, capacity 7691K, committed 7808K, reserved 1048576K
}
Event: 5889.258 GC heap after
{Heap after GC invocations=253 (full 21):
 garbage-first heap   total 126976K, used 39297K [0x0000000081600000, 0x0000000100000000)
  region size 1024K, 6 young (6144K), 6 survivors (6144K)
 Metaspace       used 55677K, capacity 59226K, committed 59388K, reserved 1101824K
  class space    used 6399K, capacity 7691K, committed 7808K, reserved 1048576K
}
Event: 5924.347 GC heap before
{Heap before GC invocations=253 (full 21):
 garbage-first heap   total 126976K, used 90497K [0x0000000081600000, 0x0000000100000000)
  region size 1024K, 56 young (57344K), 6 survivors (6144K)
 Metaspace       used 55677K, capacity 59226K, committed 59388K, reserved 1101824K
  class space    used 6399K, capacity 7691K, committed 7808K, reserved 1048576K
}
Event: 5924.364 GC heap after
{Heap after GC invocations=254 (full 21):
 garbage-first heap   total 126976K, used 39639K [0x0000000081600000, 0x0000000100000000)
  region size 1024K, 4 young (4096K), 4 survivors (4096K)
 Metaspace       used 55677K, capacity 59226K, committed 59388K, reserved 1101824K
  class space    used 6399K, capacity 7691K, committed 7808K, reserved 1048576K
}
Event: 5967.230 GC heap before
{Heap before GC invocations=255 (full 21):
 garbage-first heap   total 126976K, used 92887K [0x0000000081600000, 0x0000000100000000)
  region size 1024K, 56 young (57344K), 4 survivors (4096K)
 Metaspace       used 55677K, capacity 59226K, committed 59388K, reserved 1101824K
  class space    used 6399K, capacity 7691K, committed 7808K, reserved 1048576K
}
Event: 5967.233 GC heap after
{Heap after GC invocations=256 (full 21):
 garbage-first heap   total 126976K, used 39314K [0x0000000081600000, 0x0000000100000000)
  region size 1024K, 4 young (4096K), 4 survivors (4096K)
 Metaspace       used 55677K, capacity 59226K, committed 59388K, reserved 1101824K
  class space    used 6399K, capacity 7691K, committed 7808K, reserved 1048576K
}
Event: 5994.469 GC heap before
{Heap before GC invocations=256 (full 21):
 garbage-first heap   total 126976K, used 73106K [0x0000000081600000, 0x0000000100000000)
  region size 1024K, 38 young (38912K), 4 survivors (4096K)
 Metaspace       used 55688K, capacity 59226K, committed 59388K, reserved 1101824K
  class space    used 6399K, capacity 7691K, committed 7808K, reserved 1048576K
}
Event: 5994.521 GC heap after
{Heap after GC invocations=257 (full 22):
 garbage-first heap   total 122880K, used 33566K [0x0000000081600000, 0x0000000100000000)
  region size 1024K, 0 young (0K), 0 survivors (0K)
 Metaspace       used 55626K, capacity 59130K, committed 59388K, reserved 1101824K
  class space    used 6390K, capacity 7675K, committed 7808K, reserved 1048576K
}
Event: 5999.303 GC heap before
{Heap before GC invocations=257 (full 22):
 garbage-first heap   total 122880K, used 80670K [0x0000000081600000, 0x0000000100000000)
  region size 1024K, 48 young (49152K), 0 survivors (0K)
 Metaspace       used 55854K, capacity 59411K, committed 59644K, reserved 1101824K
  class space    used 6409K, capacity 7721K, committed 7808K, reserved 1048576K
}
Event: 5999.389 GC heap after
{Heap after GC invocations=258 (full 23):
 garbage-first heap   total 109568K, used 31317K [0x0000000081600000, 0x0000000100000000)
  region size 1024K, 0 young (0K), 0 survivors (0K)
 Metaspace       used 55839K, capacity 59387K, committed 59644K, reserved 1101824K
  class space    used 6406K, capacity 7717K, committed 7808K, reserved 1048576K
}
Event: 6000.132 GC heap before
{Heap before GC invocations=258 (full 23):
 garbage-first heap   total 109568K, used 82517K [0x0000000081600000, 0x0000000100000000)
  region size 1024K, 51 young (52224K), 0 survivors (0K)
 Metaspace       used 55972K, capacity 59589K, committed 59900K, reserved 1101824K
  class space    used 6425K, capacity 7763K, committed 7808K, reserved 1048576K
}
Event: 6000.138 GC heap after
{Heap after GC invocations=259 (full 23):
 garbage-first heap   total 109568K, used 33958K [0x0000000081600000, 0x0000000100000000)
  region size 1024K, 3 young (3072K), 3 survivors (3072K)
 Metaspace       used 55972K, capacity 59589K, committed 59900K, reserved 1101824K
  class space    used 6425K, capacity 7763K, committed 7808K, reserved 1048576K
}
Event: 6020.710 GC heap before
{Heap before GC invocations=260 (full 23):
 garbage-first heap   total 109568K, used 85158K [0x0000000081600000, 0x0000000100000000)
  region size 1024K, 53 young (54272K), 3 survivors (3072K)
 Metaspace       used 56596K, capacity 60182K, committed 60540K, reserved 1101824K
  class space    used 6470K, capacity 7803K, committed 7936K, reserved 1048576K
}
Event: 6020.719 GC heap after
{Heap after GC invocations=261 (full 23):
 garbage-first heap   total 109568K, used 35536K [0x0000000081600000, 0x0000000100000000)
  region size 1024K, 5 young (5120K), 5 survivors (5120K)
 Metaspace       used 56596K, capacity 60182K, committed 60540K, reserved 1101824K
  class space    used 6470K, capacity 7803K, committed 7936K, reserved 1048576K
}
Event: 6062.808 GC heap before
{Heap before GC invocations=261 (full 23):
 garbage-first heap   total 109568K, used 85712K [0x0000000081600000, 0x0000000100000000)
  region size 1024K, 54 young (55296K), 5 survivors (5120K)
 Metaspace       used 56597K, capacity 60182K, committed 60540K, reserved 1101824K
  class space    used 6470K, capacity 7803K, committed 7936K, reserved 1048576K
}

